<?xml version="1.0" encoding="UTF-8"?>
<testsuite name="spark.gradle.TestMainGroovy" tests="2" skipped="0" failures="0" errors="0" timestamp="2017-02-08T22:23:34" hostname="WINDOWS-PSAJKC7" time="0.003">
  <properties/>
  <testcase name="testGetAllUsers" classname="spark.gradle.TestMainGroovy" time="0.001"/>
  <testcase name="testPostRest" classname="spark.gradle.TestMainGroovy" time="0.0"/>
  <system-out><![CDATA[]]></system-out>
  <system-err><![CDATA[]]></system-err>
</testsuite>
